
10/18/2015, 2:35:32 PM

Operating System
  Name                        = Mac OS X
  Version                     = 10.11
  Architecture                = 64bit
  # CPUs                      = 8
  Memory                      = 17179869184

Node.js
  Node.js Version             = 0.12.4
  npm Version                 = 2.10.1

Titanium CLI
  CLI Version                 = 5.0.4

Titanium SDK
  SDK Version                 = 5.0.2.GA
  SDK Path                    = /Users/keithfawcett/Library/Application Support/Titanium/mobilesdk/osx/5.0.2.GA
  Target Platform             = android

Command
  /usr/local/bin/node /Users/keithfawcett/.appcelerator/install/5.0.2/package/node_modules/appc-cli-titanium/node_modules/titanium/bin/titanium build --platform android --log-level trace --sdk 5.0.2.GA --project-dir /Users/keithfawcett/Desktop/Classes/AVF/keith_fawcett_WK3_Project --target emulator --android-sdk /Users/keithfawcett/Library/android-sdk-macosx --device-id Google Nexus 7 2013 - 5.1.0 - API 22 - 1200x1920 --skip-js-minify --no-colors --no-progress-bars --no-prompt --prompt-type socket-bundle --prompt-port 60965 --plugin-paths /Users/keithfawcett/.appcelerator/install/5.0.2/package/node_modules --config-file /var/folders/tt/7zcvt9411vl79s1rckln15dm0000gn/T/build-1445204127183.json --no-banner

[DEBUG]  Detecting modules in /Users/keithfawcett/Library/Application Support/Titanium/modules
[DEBUG]  Detected android module: com.appcelerator.apm 1.1.1 @ /Users/keithfawcett/Library/Application Support/Titanium/modules/android/com.appcelerator.apm/1.1.1
[DEBUG]  Detected android module: facebook 3.0.3 @ /Users/keithfawcett/Library/Application Support/Titanium/modules/android/facebook/3.0.3
[DEBUG]  Detected android module: facebook 4.0.3 @ /Users/keithfawcett/Library/Application Support/Titanium/modules/android/facebook/4.0.3
[DEBUG]  Detected android module: facebook 4.0.5 @ /Users/keithfawcett/Library/Application Support/Titanium/modules/android/facebook/4.0.5
[DEBUG]  Detected android module: ti.cloudpush 3.3.7 @ /Users/keithfawcett/Library/Application Support/Titanium/modules/android/ti.cloudpush/3.3.7
[DEBUG]  Detected android module: ti.cloudpush 3.3.8 @ /Users/keithfawcett/Library/Application Support/Titanium/modules/android/ti.cloudpush/3.3.8
[DEBUG]  Detected android module: ti.cloudpush 3.4.0 @ /Users/keithfawcett/Library/Application Support/Titanium/modules/android/ti.cloudpush/3.4.0
[DEBUG]  Detected android module: ti.map 2.2.3 @ /Users/keithfawcett/Library/Application Support/Titanium/modules/android/ti.map/2.2.3
[DEBUG]  Detected android module: ti.map 2.3.0 @ /Users/keithfawcett/Library/Application Support/Titanium/modules/android/ti.map/2.3.0
[DEBUG]  Detected android module: ti.map 2.3.1 @ /Users/keithfawcett/Library/Application Support/Titanium/modules/android/ti.map/2.3.1
[DEBUG]  Detected android module: ti.map 2.3.3 @ /Users/keithfawcett/Library/Application Support/Titanium/modules/android/ti.map/2.3.3
[DEBUG]  Detected commonjs module: ti.cloud 3.2.7 @ /Users/keithfawcett/Library/Application Support/Titanium/modules/commonjs/ti.cloud/3.2.7
[DEBUG]  Detected commonjs module: ti.cloud 3.2.8 @ /Users/keithfawcett/Library/Application Support/Titanium/modules/commonjs/ti.cloud/3.2.8
[DEBUG]  Detected commonjs module: ti.cloud 3.2.9 @ /Users/keithfawcett/Library/Application Support/Titanium/modules/commonjs/ti.cloud/3.2.9
[DEBUG]  Detected iphone module: com.appcelerator.apm 1.1.1 @ /Users/keithfawcett/Library/Application Support/Titanium/modules/iphone/com.appcelerator.apm/1.1.1
[DEBUG]  Detected iphone module: com.appcelerator.urlSession 1.1.0 @ /Users/keithfawcett/Library/Application Support/Titanium/modules/iphone/com.appcelerator.urlSession/1.1.0
[DEBUG]  Detected iphone module: com.appcelerator.urlSession 1.1.1 @ /Users/keithfawcett/Library/Application Support/Titanium/modules/iphone/com.appcelerator.urlSession/1.1.1
[DEBUG]  Detected iphone module: facebook 3.2.0 @ /Users/keithfawcett/Library/Application Support/Titanium/modules/iphone/facebook/3.2.0
[DEBUG]  Detected iphone module: facebook 4.0.3 @ /Users/keithfawcett/Library/Application Support/Titanium/modules/iphone/facebook/4.0.3
[DEBUG]  Detected iphone module: facebook 4.0.5 @ /Users/keithfawcett/Library/Application Support/Titanium/modules/iphone/facebook/4.0.5
[DEBUG]  Detected iphone module: ti.coremotion 1.1.0 @ /Users/keithfawcett/Library/Application Support/Titanium/modules/iphone/ti.coremotion/1.1.0
[DEBUG]  Detected iphone module: ti.map 2.2.0 @ /Users/keithfawcett/Library/Application Support/Titanium/modules/iphone/ti.map/2.2.0
[DEBUG]  Detected iphone module: ti.map 2.2.2 @ /Users/keithfawcett/Library/Application Support/Titanium/modules/iphone/ti.map/2.2.2
[DEBUG]  Detected iphone module: ti.map 2.3.1 @ /Users/keithfawcett/Library/Application Support/Titanium/modules/iphone/ti.map/2.3.1
[DEBUG]  Detected iphone module: ti.map 2.4.1 @ /Users/keithfawcett/Library/Application Support/Titanium/modules/iphone/ti.map/2.4.1
[DEBUG]  Detected iphone module: ti.touchid 1.1.0 @ /Users/keithfawcett/Library/Application Support/Titanium/modules/iphone/ti.touchid/1.1.0
[DEBUG]  Detected iphone module: ti.touchid 1.2.0 @ /Users/keithfawcett/Library/Application Support/Titanium/modules/iphone/ti.touchid/1.2.0
[DEBUG]  Looking for Titanium module id=ti.cloud version=latest platform=commonjs deploy-type=development
[INFO]   Found Titanium module id=ti.cloud version=3.2.9 platform=commonjs deploy-type=development path=/Users/keithfawcett/Library/Application Support/Titanium/modules/commonjs/ti.cloud/3.2.9
[DEBUG]  No project level plugins to load
[TRACE]  Snapshotting build directory
[DEBUG]  Titanium SDK Android directory: /Users/keithfawcett/Library/Application Support/Titanium/mobilesdk/osx/5.0.2.GA/android
[INFO]   Deploy type: development
[INFO]   Building for target: emulator
[INFO]   Building for emulator: Google Nexus 7 2013 - 5.1.0 - API 22 - 1200x1920
[INFO]   Targeting Android SDK: 23
[INFO]   Building for the following architectures: armeabi, armeabi-v7a, x86
[INFO]   Signing with keystore: /Users/keithfawcett/Library/Application Support/Titanium/mobilesdk/osx/5.0.2.GA/android/dev_keystore (tidev)
[DEBUG]  App ID: com.fullsail.WK3
[DEBUG]  Classname: Keith_fawcett_wk3_project
[INFO]   Debugging disabled
[INFO]   Profiler disabled
[INFO]   Forcing rebuild: JavaScript encryption flag changed
[INFO]     Was: true
[INFO]     Now: false
[INFO]   Launching emulator: Google Nexus 7 2013 - 5.1.0 - API 22 - 1200x1920
[TRACE]  Starting emulator: Google Nexus 7 2013 - 5.1.0 - API 22 - 1200x1920
[TRACE]  Checking if emulator Google Nexus 7 2013 - 5.1.0 - API 22 - 1200x1920 is running...
[TRACE]  Detecting if Google Nexus 7 2013 - 5.1.0 - API 22 - 1200x1920 exists...
[TRACE]  Found 3 emulators
[TRACE]  Emulator exists, detecting all running emulators and connected devices...
[TRACE]  Detected 1 running emulators and connected devices
[TRACE]  Checking 1 devices to see if it's the emulator we want
[TRACE]  The emulator is running
[INFO]   Emulator already running
[TRACE]  Checking the boot state for the next 240000 ms
[TRACE]  Waiting for emulator to register with ADB
[TRACE]  Emulator process started
[TRACE]  offline build file /var/folders/tt/7zcvt9411vl79s1rckln15dm0000gn/T/build-90ec8c71b7c04b1c1153c9fdb29aaa3ba8d4aab3.json
[TRACE]  online 1
[TRACE]  optimizing build, last build was 638.542 sec ago
[DEBUG]  Copying /Users/keithfawcett/Desktop/Classes/AVF/keith_fawcett_WK3_Project/Resources
[WARN]   Overwriting file /Users/keithfawcett/Desktop/Classes/AVF/keith_fawcett_WK3_Project/build/android/bin/assets/Resources/KS_nav_ui.png
[DEBUG]  Symlinking /Users/keithfawcett/Desktop/Classes/AVF/keith_fawcett_WK3_Project/Resources/KS_nav_ui.png => /Users/keithfawcett/Desktop/Classes/AVF/keith_fawcett_WK3_Project/build/android/bin/assets/Resources/KS_nav_ui.png
[WARN]   Overwriting file /Users/keithfawcett/Desktop/Classes/AVF/keith_fawcett_WK3_Project/build/android/bin/assets/Resources/KS_nav_views.png
[DEBUG]  Symlinking /Users/keithfawcett/Desktop/Classes/AVF/keith_fawcett_WK3_Project/Resources/KS_nav_views.png => /Users/keithfawcett/Desktop/Classes/AVF/keith_fawcett_WK3_Project/build/android/bin/assets/Resources/KS_nav_views.png
[DEBUG]  Ignoring /Users/keithfawcett/Desktop/Classes/AVF/keith_fawcett_WK3_Project/Resources/android
[WARN]   Overwriting file /Users/keithfawcett/Desktop/Classes/AVF/keith_fawcett_WK3_Project/build/android/bin/assets/Resources/image/back.png
[DEBUG]  Symlinking /Users/keithfawcett/Desktop/Classes/AVF/keith_fawcett_WK3_Project/Resources/image/back.png => /Users/keithfawcett/Desktop/Classes/AVF/keith_fawcett_WK3_Project/build/android/bin/assets/Resources/image/back.png
[WARN]   Overwriting file /Users/keithfawcett/Desktop/Classes/AVF/keith_fawcett_WK3_Project/build/android/bin/assets/Resources/image/next.png
[DEBUG]  Symlinking /Users/keithfawcett/Desktop/Classes/AVF/keith_fawcett_WK3_Project/Resources/image/next.png => /Users/keithfawcett/Desktop/Classes/AVF/keith_fawcett_WK3_Project/build/android/bin/assets/Resources/image/next.png
[WARN]   Overwriting file /Users/keithfawcett/Desktop/Classes/AVF/keith_fawcett_WK3_Project/build/android/bin/assets/Resources/image/pause.png
[DEBUG]  Symlinking /Users/keithfawcett/Desktop/Classes/AVF/keith_fawcett_WK3_Project/Resources/image/pause.png => /Users/keithfawcett/Desktop/Classes/AVF/keith_fawcett_WK3_Project/build/android/bin/assets/Resources/image/pause.png
[WARN]   Overwriting file /Users/keithfawcett/Desktop/Classes/AVF/keith_fawcett_WK3_Project/build/android/bin/assets/Resources/image/play.png
[DEBUG]  Symlinking /Users/keithfawcett/Desktop/Classes/AVF/keith_fawcett_WK3_Project/Resources/image/play.png => /Users/keithfawcett/Desktop/Classes/AVF/keith_fawcett_WK3_Project/build/android/bin/assets/Resources/image/play.png
[DEBUG]  Ignoring /Users/keithfawcett/Desktop/Classes/AVF/keith_fawcett_WK3_Project/Resources/iphone
[DEBUG]  Ignoring /Users/keithfawcett/Desktop/Classes/AVF/keith_fawcett_WK3_Project/Resources/mobileweb
[DEBUG]  Copying /Users/keithfawcett/Desktop/Classes/AVF/keith_fawcett_WK3_Project/Resources/android
[WARN]   Overwriting file /Users/keithfawcett/Desktop/Classes/AVF/keith_fawcett_WK3_Project/build/android/bin/assets/Resources/appicon.png
[DEBUG]  Symlinking /Users/keithfawcett/Desktop/Classes/AVF/keith_fawcett_WK3_Project/Resources/android/appicon.png => /Users/keithfawcett/Desktop/Classes/AVF/keith_fawcett_WK3_Project/build/android/bin/assets/Resources/appicon.png
[DEBUG]  Symlinking /Users/keithfawcett/Desktop/Classes/AVF/keith_fawcett_WK3_Project/Resources/android/default.png => /Users/keithfawcett/Desktop/Classes/AVF/keith_fawcett_WK3_Project/build/android/res/drawable/background.png
[DEBUG]  Symlinking /Users/keithfawcett/Desktop/Classes/AVF/keith_fawcett_WK3_Project/Resources/android/images/res-long-land-hdpi/default.png => /Users/keithfawcett/Desktop/Classes/AVF/keith_fawcett_WK3_Project/build/android/res/drawable-long-land-hdpi/background.png
[DEBUG]  Symlinking /Users/keithfawcett/Desktop/Classes/AVF/keith_fawcett_WK3_Project/Resources/android/images/res-long-land-ldpi/default.png => /Users/keithfawcett/Desktop/Classes/AVF/keith_fawcett_WK3_Project/build/android/res/drawable-long-land-ldpi/background.png
[DEBUG]  Symlinking /Users/keithfawcett/Desktop/Classes/AVF/keith_fawcett_WK3_Project/Resources/android/images/res-long-port-hdpi/default.png => /Users/keithfawcett/Desktop/Classes/AVF/keith_fawcett_WK3_Project/build/android/res/drawable-long-port-hdpi/background.png
[DEBUG]  Symlinking /Users/keithfawcett/Desktop/Classes/AVF/keith_fawcett_WK3_Project/Resources/android/images/res-long-port-ldpi/default.png => /Users/keithfawcett/Desktop/Classes/AVF/keith_fawcett_WK3_Project/build/android/res/drawable-long-port-ldpi/background.png
[DEBUG]  Symlinking /Users/keithfawcett/Desktop/Classes/AVF/keith_fawcett_WK3_Project/Resources/android/images/res-notlong-land-hdpi/default.png => /Users/keithfawcett/Desktop/Classes/AVF/keith_fawcett_WK3_Project/build/android/res/drawable-notlong-land-hdpi/background.png
[DEBUG]  Symlinking /Users/keithfawcett/Desktop/Classes/AVF/keith_fawcett_WK3_Project/Resources/android/images/res-notlong-land-ldpi/default.png => /Users/keithfawcett/Desktop/Classes/AVF/keith_fawcett_WK3_Project/build/android/res/drawable-notlong-land-ldpi/background.png
[DEBUG]  Symlinking /Users/keithfawcett/Desktop/Classes/AVF/keith_fawcett_WK3_Project/Resources/android/images/res-notlong-land-mdpi/default.png => /Users/keithfawcett/Desktop/Classes/AVF/keith_fawcett_WK3_Project/build/android/res/drawable-notlong-land-mdpi/background.png
[DEBUG]  Symlinking /Users/keithfawcett/Desktop/Classes/AVF/keith_fawcett_WK3_Project/Resources/android/images/res-notlong-port-hdpi/default.png => /Users/keithfawcett/Desktop/Classes/AVF/keith_fawcett_WK3_Project/build/android/res/drawable-notlong-port-hdpi/background.png
[DEBUG]  Symlinking /Users/keithfawcett/Desktop/Classes/AVF/keith_fawcett_WK3_Project/Resources/android/images/res-notlong-port-ldpi/default.png => /Users/keithfawcett/Desktop/Classes/AVF/keith_fawcett_WK3_Project/build/android/res/drawable-notlong-port-ldpi/background.png
[DEBUG]  Symlinking /Users/keithfawcett/Desktop/Classes/AVF/keith_fawcett_WK3_Project/Resources/android/images/res-notlong-port-mdpi/default.png => /Users/keithfawcett/Desktop/Classes/AVF/keith_fawcett_WK3_Project/build/android/res/drawable-notlong-port-mdpi/background.png
[DEBUG]  Copying /Users/keithfawcett/Library/Application Support/Titanium/modules/commonjs/ti.cloud/3.2.9/ti.cloud.js
[DEBUG]  Copying /Users/keithfawcett/Library/Application Support/Titanium/modules/commonjs/ti.cloud/3.2.9/assets
[DEBUG]  Symlinking /Users/keithfawcett/Desktop/Classes/AVF/keith_fawcett_WK3_Project/build/android/bin/assets/Resources/appicon.png => /Users/keithfawcett/Desktop/Classes/AVF/keith_fawcett_WK3_Project/build/android/res/drawable/appicon.png
[INFO]   Processing JavaScript files
[DEBUG]  Symlinking /Users/keithfawcett/Desktop/Classes/AVF/keith_fawcett_WK3_Project/Resources/api.js => /Users/keithfawcett/Desktop/Classes/AVF/keith_fawcett_WK3_Project/build/android/assets/api.js
[TRACE]  Found 1 devices, checking if any of them are the emulator...
[TRACE]  Emulator is running!
[TRACE]  Checking if boot animation has finished...
[DEBUG]  Symlinking /Users/keithfawcett/Desktop/Classes/AVF/keith_fawcett_WK3_Project/Resources/app.js => /Users/keithfawcett/Desktop/Classes/AVF/keith_fawcett_WK3_Project/build/android/assets/app.js
[DEBUG]  Symlinking /Users/keithfawcett/Desktop/Classes/AVF/keith_fawcett_WK3_Project/Resources/arrowDB.js => /Users/keithfawcett/Desktop/Classes/AVF/keith_fawcett_WK3_Project/build/android/assets/arrowDB.js
[DEBUG]  Symlinking /Users/keithfawcett/Desktop/Classes/AVF/keith_fawcett_WK3_Project/Resources/favoritesUI.js => /Users/keithfawcett/Desktop/Classes/AVF/keith_fawcett_WK3_Project/build/android/assets/favoritesUI.js
[DEBUG]  Symlinking /Users/keithfawcett/Desktop/Classes/AVF/keith_fawcett_WK3_Project/Resources/playUI.js => /Users/keithfawcett/Desktop/Classes/AVF/keith_fawcett_WK3_Project/build/android/assets/playUI.js
[DEBUG]  Symlinking /Users/keithfawcett/Desktop/Classes/AVF/keith_fawcett_WK3_Project/Resources/sql.js => /Users/keithfawcett/Desktop/Classes/AVF/keith_fawcett_WK3_Project/build/android/assets/sql.js
[DEBUG]  Symlinking /Users/keithfawcett/Desktop/Classes/AVF/keith_fawcett_WK3_Project/Resources/ui.js => /Users/keithfawcett/Desktop/Classes/AVF/keith_fawcett_WK3_Project/build/android/assets/ui.js
[TRACE]  Emulator is booted, emitting booted event
[INFO]   Emulator is booted
[INFO]   SD card not required, skipping mount check
[INFO]   Emulator ready!
[DEBUG]  Symlinking /Users/keithfawcett/Library/Application Support/Titanium/modules/commonjs/ti.cloud/3.2.9/ti.cloud.js => /Users/keithfawcett/Desktop/Classes/AVF/keith_fawcett_WK3_Project/build/android/assets/ti.cloud.js
[INFO]   Encrypting JavaScript files: /Users/keithfawcett/Library/Application Support/Titanium/mobilesdk/osx/5.0.2.GA/android/titanium_prep.macos "com.fullsail.WK3" "/Users/keithfawcett/Desktop/Classes/AVF/keith_fawcett_WK3_Project/build/android/assets" "api.js" "app.js" "arrowDB.js" "favoritesUI.js" "playUI.js" "sql.js" "ui.js" "ti.cloud.js" "_app_props_.json"
[DEBUG]  Adding library /Users/keithfawcett/Library/Application Support/Titanium/mobilesdk/osx/5.0.2.GA/android/kroll-v8.jar
[DEBUG]  Adding library /Users/keithfawcett/Library/Application Support/Titanium/mobilesdk/osx/5.0.2.GA/android/modules/titanium-analytics.jar
[DEBUG]  Adding dependency library /Users/keithfawcett/Library/Application Support/Titanium/mobilesdk/osx/5.0.2.GA/android/aps-analytics.jar
[DEBUG]  Adding library /Users/keithfawcett/Library/Application Support/Titanium/mobilesdk/osx/5.0.2.GA/android/modules/titanium-android.jar
[DEBUG]  Adding dependency library /Users/keithfawcett/Library/Application Support/Titanium/mobilesdk/osx/5.0.2.GA/android/jaxen-1.1.1.jar
[DEBUG]  Adding dependency library /Users/keithfawcett/Library/Application Support/Titanium/mobilesdk/osx/5.0.2.GA/android/ti-commons-codec-1.3.jar
[DEBUG]  Adding dependency library /Users/keithfawcett/Library/Application Support/Titanium/mobilesdk/osx/5.0.2.GA/android/kroll-common.jar
[DEBUG]  Adding dependency library /Users/keithfawcett/Library/Application Support/Titanium/mobilesdk/osx/5.0.2.GA/android/titanium.jar
[DEBUG]  Adding library /Users/keithfawcett/Library/Application Support/Titanium/mobilesdk/osx/5.0.2.GA/android/modules/titanium-app.jar
[DEBUG]  Adding library /Users/keithfawcett/Library/Application Support/Titanium/mobilesdk/osx/5.0.2.GA/android/modules/titanium-ui.jar
[DEBUG]  Adding dependency library /Users/keithfawcett/Library/Application Support/Titanium/mobilesdk/osx/5.0.2.GA/android/nineoldandroids-appc-2.4.0.jar
[DEBUG]  Adding library /Users/keithfawcett/Library/Application Support/Titanium/mobilesdk/osx/5.0.2.GA/android/modules/titanium-filesystem.jar
[DEBUG]  Adding library /Users/keithfawcett/Library/Application Support/Titanium/mobilesdk/osx/5.0.2.GA/android/modules/titanium-media.jar
[DEBUG]  Adding library /Users/keithfawcett/Library/Application Support/Titanium/mobilesdk/osx/5.0.2.GA/android/modules/titanium-appcompat.jar
[DEBUG]  Adding dependency library /Users/keithfawcett/Library/Application Support/Titanium/mobilesdk/osx/5.0.2.GA/android/android-support-v4.jar
[DEBUG]  Adding dependency library /Users/keithfawcett/Library/Application Support/Titanium/mobilesdk/osx/5.0.2.GA/android/android-support-v7-appcompat.jar
[DEBUG]  Adding library /Users/keithfawcett/Library/Application Support/Titanium/mobilesdk/osx/5.0.2.GA/android/modules/titanium-locale.jar
[DEBUG]  Adding library /Users/keithfawcett/Library/Application Support/Titanium/mobilesdk/osx/5.0.2.GA/android/modules/titanium-network.jar
[DEBUG]  Adding library /Users/keithfawcett/Library/Application Support/Titanium/mobilesdk/osx/5.0.2.GA/android/modules/titanium-xml.jar
[DEBUG]  Adding library /Users/keithfawcett/Library/Application Support/Titanium/mobilesdk/osx/5.0.2.GA/android/modules/titanium-utils.jar
[DEBUG]  Adding library /Users/keithfawcett/Library/Application Support/Titanium/mobilesdk/osx/5.0.2.GA/android/modules/titanium-geolocation.jar
[DEBUG]  Adding library /Users/keithfawcett/Library/Application Support/Titanium/mobilesdk/osx/5.0.2.GA/android/modules/titanium-accelerometer.jar
[DEBUG]  Adding library /Users/keithfawcett/Library/Application Support/Titanium/mobilesdk/osx/5.0.2.GA/android/modules/titanium-contacts.jar
[DEBUG]  Adding library /Users/keithfawcett/Library/Application Support/Titanium/mobilesdk/osx/5.0.2.GA/android/modules/titanium-map.jar
[DEBUG]  Adding library /Users/keithfawcett/Library/Application Support/Titanium/mobilesdk/osx/5.0.2.GA/android/modules/titanium-gesture.jar
[DEBUG]  Adding library /Users/keithfawcett/Library/Application Support/Titanium/mobilesdk/osx/5.0.2.GA/android/modules/titanium-calendar.jar
[DEBUG]  Adding library /Users/keithfawcett/Library/Application Support/Titanium/mobilesdk/osx/5.0.2.GA/android/modules/titanium-platform.jar
[DEBUG]  Adding library /Users/keithfawcett/Library/Application Support/Titanium/mobilesdk/osx/5.0.2.GA/android/modules/titanium-database.jar
[DEBUG]  Unknown namespace api, skipping
[DEBUG]  Unknown namespace app.deploytype, skipping
[DEBUG]  Unknown namespace ui.ios, skipping
[INFO]   Writing /Users/keithfawcett/Desktop/Classes/AVF/keith_fawcett_WK3_Project/build/android/bin/assets/app.json
[INFO]   Extracting module resources: /Users/keithfawcett/Library/Application Support/Titanium/mobilesdk/osx/5.0.2.GA/android/modules/titanium-analytics.res.zip
[DEBUG]  Copying /var/folders/tt/7zcvt9411vl79s1rckln15dm0000gn/T/115918-1390-1njnp6t/res/values/strings.xml => /Users/keithfawcett/Desktop/Classes/AVF/keith_fawcett_WK3_Project/build/android/res/values/strings.xml
[INFO]   Extracting module resources: /Users/keithfawcett/Library/Application Support/Titanium/mobilesdk/osx/5.0.2.GA/android/modules/titanium-android.res.zip
[DEBUG]  Merging /var/folders/tt/7zcvt9411vl79s1rckln15dm0000gn/T/115918-1390-mmbxqj/res/values/strings.xml => /Users/keithfawcett/Desktop/Classes/AVF/keith_fawcett_WK3_Project/build/android/res/values/strings.xml
[INFO]   Extracting module resources: /Users/keithfawcett/Library/Application Support/Titanium/mobilesdk/osx/5.0.2.GA/android/modules/titanium-app.res.zip
[DEBUG]  Merging /var/folders/tt/7zcvt9411vl79s1rckln15dm0000gn/T/115918-1390-kfar4y/res/values/strings.xml => /Users/keithfawcett/Desktop/Classes/AVF/keith_fawcett_WK3_Project/build/android/res/values/strings.xml
[INFO]   Extracting module resources: /Users/keithfawcett/Library/Application Support/Titanium/mobilesdk/osx/5.0.2.GA/android/modules/titanium-filesystem.res.zip
[DEBUG]  Merging /var/folders/tt/7zcvt9411vl79s1rckln15dm0000gn/T/115918-1390-hfpj4k/res/values/strings.xml => /Users/keithfawcett/Desktop/Classes/AVF/keith_fawcett_WK3_Project/build/android/res/values/strings.xml
[INFO]   Extracting module resources: /Users/keithfawcett/Library/Application Support/Titanium/mobilesdk/osx/5.0.2.GA/android/modules/titanium-media.res.zip
[DEBUG]  Merging /var/folders/tt/7zcvt9411vl79s1rckln15dm0000gn/T/115918-1390-10wesy1/res/values/strings.xml => /Users/keithfawcett/Desktop/Classes/AVF/keith_fawcett_WK3_Project/build/android/res/values/strings.xml
[INFO]   Extracting module resources: /Users/keithfawcett/Library/Application Support/Titanium/mobilesdk/osx/5.0.2.GA/android/modules/titanium-locale.res.zip
[DEBUG]  Merging /var/folders/tt/7zcvt9411vl79s1rckln15dm0000gn/T/115918-1390-18i0t54/res/values/strings.xml => /Users/keithfawcett/Desktop/Classes/AVF/keith_fawcett_WK3_Project/build/android/res/values/strings.xml
[INFO]   Extracting module resources: /Users/keithfawcett/Library/Application Support/Titanium/mobilesdk/osx/5.0.2.GA/android/modules/titanium-network.res.zip
[DEBUG]  Merging /var/folders/tt/7zcvt9411vl79s1rckln15dm0000gn/T/115918-1390-6pucsx/res/values/strings.xml => /Users/keithfawcett/Desktop/Classes/AVF/keith_fawcett_WK3_Project/build/android/res/values/strings.xml
[INFO]   Extracting module resources: /Users/keithfawcett/Library/Application Support/Titanium/mobilesdk/osx/5.0.2.GA/android/modules/titanium-xml.res.zip
[DEBUG]  Merging /var/folders/tt/7zcvt9411vl79s1rckln15dm0000gn/T/115918-1390-n2vsvq/res/values/strings.xml => /Users/keithfawcett/Desktop/Classes/AVF/keith_fawcett_WK3_Project/build/android/res/values/strings.xml
[INFO]   Extracting module resources: /Users/keithfawcett/Library/Application Support/Titanium/mobilesdk/osx/5.0.2.GA/android/modules/titanium-utils.res.zip
[DEBUG]  Merging /var/folders/tt/7zcvt9411vl79s1rckln15dm0000gn/T/115918-1390-lextsd/res/values/strings.xml => /Users/keithfawcett/Desktop/Classes/AVF/keith_fawcett_WK3_Project/build/android/res/values/strings.xml
[INFO]   Extracting module resources: /Users/keithfawcett/Library/Application Support/Titanium/mobilesdk/osx/5.0.2.GA/android/modules/titanium-geolocation.res.zip
[DEBUG]  Merging /var/folders/tt/7zcvt9411vl79s1rckln15dm0000gn/T/115918-1390-6jz51l/res/values/strings.xml => /Users/keithfawcett/Desktop/Classes/AVF/keith_fawcett_WK3_Project/build/android/res/values/strings.xml
[INFO]   Extracting module resources: /Users/keithfawcett/Library/Application Support/Titanium/mobilesdk/osx/5.0.2.GA/android/modules/titanium-accelerometer.res.zip
[DEBUG]  Merging /var/folders/tt/7zcvt9411vl79s1rckln15dm0000gn/T/115918-1390-9dawtf/res/values/strings.xml => /Users/keithfawcett/Desktop/Classes/AVF/keith_fawcett_WK3_Project/build/android/res/values/strings.xml
[INFO]   Extracting module resources: /Users/keithfawcett/Library/Application Support/Titanium/mobilesdk/osx/5.0.2.GA/android/modules/titanium-contacts.res.zip
[DEBUG]  Merging /var/folders/tt/7zcvt9411vl79s1rckln15dm0000gn/T/115918-1390-cq021s/res/values/strings.xml => /Users/keithfawcett/Desktop/Classes/AVF/keith_fawcett_WK3_Project/build/android/res/values/strings.xml
[INFO]   Extracting module resources: /Users/keithfawcett/Library/Application Support/Titanium/mobilesdk/osx/5.0.2.GA/android/modules/titanium-map.res.zip
[DEBUG]  Merging /var/folders/tt/7zcvt9411vl79s1rckln15dm0000gn/T/115918-1390-1pvncdq/res/values/strings.xml => /Users/keithfawcett/Desktop/Classes/AVF/keith_fawcett_WK3_Project/build/android/res/values/strings.xml
[INFO]   Extracting module resources: /Users/keithfawcett/Library/Application Support/Titanium/mobilesdk/osx/5.0.2.GA/android/modules/titanium-gesture.res.zip
[DEBUG]  Merging /var/folders/tt/7zcvt9411vl79s1rckln15dm0000gn/T/115918-1390-1az30ok/res/values/strings.xml => /Users/keithfawcett/Desktop/Classes/AVF/keith_fawcett_WK3_Project/build/android/res/values/strings.xml
[INFO]   Extracting module resources: /Users/keithfawcett/Library/Application Support/Titanium/mobilesdk/osx/5.0.2.GA/android/modules/titanium-calendar.res.zip
[DEBUG]  Merging /var/folders/tt/7zcvt9411vl79s1rckln15dm0000gn/T/115918-1390-xag4p9/res/values/strings.xml => /Users/keithfawcett/Desktop/Classes/AVF/keith_fawcett_WK3_Project/build/android/res/values/strings.xml
[INFO]   Extracting module resources: /Users/keithfawcett/Library/Application Support/Titanium/mobilesdk/osx/5.0.2.GA/android/modules/titanium-platform.res.zip
[DEBUG]  Merging /var/folders/tt/7zcvt9411vl79s1rckln15dm0000gn/T/115918-1390-1xmi7bv/res/values/strings.xml => /Users/keithfawcett/Desktop/Classes/AVF/keith_fawcett_WK3_Project/build/android/res/values/strings.xml
[INFO]   Extracting module resources: /Users/keithfawcett/Library/Application Support/Titanium/mobilesdk/osx/5.0.2.GA/android/modules/titanium-database.res.zip
[DEBUG]  Merging /var/folders/tt/7zcvt9411vl79s1rckln15dm0000gn/T/115918-1390-ffp6vh/res/values/strings.xml => /Users/keithfawcett/Desktop/Classes/AVF/keith_fawcett_WK3_Project/build/android/res/values/strings.xml
[DEBUG]  Removing old file: /Users/keithfawcett/Desktop/Classes/AVF/keith_fawcett_WK3_Project/build/android/.classpath
[DEBUG]  Removing old file: /Users/keithfawcett/Desktop/Classes/AVF/keith_fawcett_WK3_Project/build/android/.gitignore
[DEBUG]  Removing old file: /Users/keithfawcett/Desktop/Classes/AVF/keith_fawcett_WK3_Project/build/android/.project
[DEBUG]  Removing old file: /Users/keithfawcett/Desktop/Classes/AVF/keith_fawcett_WK3_Project/build/android/AndroidManifest.xml
[DEBUG]  Removing old file: /Users/keithfawcett/Desktop/Classes/AVF/keith_fawcett_WK3_Project/build/android/default.properties
[DEBUG]  Removing old file: /Users/keithfawcett/Desktop/Classes/AVF/keith_fawcett_WK3_Project/build/android/java-sources.txt
[DEBUG]  Copying template /Users/keithfawcett/Library/Application Support/Titanium/mobilesdk/osx/5.0.2.GA/android/templates/build/AppInfo.java => /Users/keithfawcett/Desktop/Classes/AVF/keith_fawcett_WK3_Project/build/android/gen/com/fullsail/WK3/Keith_fawcett_wk3_projectAppInfo.java
[DEBUG]  Copying template /Users/keithfawcett/Library/Application Support/Titanium/mobilesdk/osx/5.0.2.GA/android/templates/build/App.java => /Users/keithfawcett/Desktop/Classes/AVF/keith_fawcett_WK3_Project/build/android/gen/com/fullsail/WK3/Keith_fawcett_wk3_projectApplication.java
[DEBUG]  Copying template /Users/keithfawcett/Library/Application Support/Titanium/mobilesdk/osx/5.0.2.GA/android/templates/build/Activity.java => /Users/keithfawcett/Desktop/Classes/AVF/keith_fawcett_WK3_Project/build/android/gen/com/fullsail/WK3/Keith_fawcett_wk3_projectActivity.java
[DEBUG]  Copying template /Users/keithfawcett/Library/Application Support/Titanium/mobilesdk/osx/5.0.2.GA/android/templates/build/project => /Users/keithfawcett/Desktop/Classes/AVF/keith_fawcett_WK3_Project/build/android/.project
[DEBUG]  Copying template /Users/keithfawcett/Library/Application Support/Titanium/mobilesdk/osx/5.0.2.GA/android/templates/build/default.properties => /Users/keithfawcett/Desktop/Classes/AVF/keith_fawcett_WK3_Project/build/android/default.properties
[DEBUG]  Copying /Users/keithfawcett/Library/Application Support/Titanium/mobilesdk/osx/5.0.2.GA/android/templates/build/gitignore => /Users/keithfawcett/Desktop/Classes/AVF/keith_fawcett_WK3_Project/build/android/.gitignore
[DEBUG]  Copying /Users/keithfawcett/Library/Application Support/Titanium/mobilesdk/osx/5.0.2.GA/android/templates/build/classpath => /Users/keithfawcett/Desktop/Classes/AVF/keith_fawcett_WK3_Project/build/android/.classpath
[INFO]   No aidl files to compile, continuing
[INFO]   Generating i18n files
[DEBUG]  Merging en strings => /Users/keithfawcett/Desktop/Classes/AVF/keith_fawcett_WK3_Project/build/android/res/values/strings.xml
[INFO]   Generating /Users/keithfawcett/Desktop/Classes/AVF/keith_fawcett_WK3_Project/build/android/res/values/theme.xml
[INFO]   Packaging application: /Users/keithfawcett/Library/android-sdk-macosx/build-tools/20.0.0/aapt "package" "-f" "-m" "-J" "/Users/keithfawcett/Desktop/Classes/AVF/keith_fawcett_WK3_Project/build/android/gen" "-M" "/Users/keithfawcett/Desktop/Classes/AVF/keith_fawcett_WK3_Project/build/android/AndroidManifest.xml" "-A" "/Users/keithfawcett/Desktop/Classes/AVF/keith_fawcett_WK3_Project/build/android/bin/assets" "-S" "/Users/keithfawcett/Desktop/Classes/AVF/keith_fawcett_WK3_Project/build/android/res" "-I" "/Users/keithfawcett/Library/android-sdk-macosx/platforms/android-23/android.jar" "-F" "/Users/keithfawcett/Desktop/Classes/AVF/keith_fawcett_WK3_Project/build/android/bin/app.ap_" "--auto-add-overlay" "--extra-packages" "ti.modules.titanium.ui:android.support.v7.appcompat" "-S" "/var/folders/tt/7zcvt9411vl79s1rckln15dm0000gn/T/115918-1390-9pkws/res" "-S" "/var/folders/tt/7zcvt9411vl79s1rckln15dm0000gn/T/115918-1390-eu7llt/res"
[INFO]   Building Java source files: /Library/Java/JavaVirtualMachines/jdk1.7.0_80.jdk/Contents/Home/bin/javac "-J-Xmx256M" "-encoding" "utf8" "-bootclasspath" "/Users/keithfawcett/Library/android-sdk-macosx/platforms/android-23/android.jar:/Users/keithfawcett/Library/Application Support/Titanium/mobilesdk/osx/5.0.2.GA/android/kroll-v8.jar:/Users/keithfawcett/Library/Application Support/Titanium/mobilesdk/osx/5.0.2.GA/android/modules/titanium-analytics.jar:/Users/keithfawcett/Library/Application Support/Titanium/mobilesdk/osx/5.0.2.GA/android/aps-analytics.jar:/Users/keithfawcett/Library/Application Support/Titanium/mobilesdk/osx/5.0.2.GA/android/modules/titanium-android.jar:/Users/keithfawcett/Library/Application Support/Titanium/mobilesdk/osx/5.0.2.GA/android/jaxen-1.1.1.jar:/Users/keithfawcett/Library/Application Support/Titanium/mobilesdk/osx/5.0.2.GA/android/ti-commons-codec-1.3.jar:/Users/keithfawcett/Library/Application Support/Titanium/mobilesdk/osx/5.0.2.GA/android/kroll-common.jar:/Users/keithfawcett/Library/Application Support/Titanium/mobilesdk/osx/5.0.2.GA/android/titanium.jar:/Users/keithfawcett/Library/Application Support/Titanium/mobilesdk/osx/5.0.2.GA/android/modules/titanium-app.jar:/Users/keithfawcett/Library/Application Support/Titanium/mobilesdk/osx/5.0.2.GA/android/modules/titanium-ui.jar:/Users/keithfawcett/Library/Application Support/Titanium/mobilesdk/osx/5.0.2.GA/android/nineoldandroids-appc-2.4.0.jar:/Users/keithfawcett/Library/Application Support/Titanium/mobilesdk/osx/5.0.2.GA/android/modules/titanium-filesystem.jar:/Users/keithfawcett/Library/Application Support/Titanium/mobilesdk/osx/5.0.2.GA/android/modules/titanium-media.jar:/Users/keithfawcett/Library/Application Support/Titanium/mobilesdk/osx/5.0.2.GA/android/modules/titanium-appcompat.jar:/Users/keithfawcett/Library/Application Support/Titanium/mobilesdk/osx/5.0.2.GA/android/android-support-v4.jar:/Users/keithfawcett/Library/Application Support/Titanium/mobilesdk/osx/5.0.2.GA/android/android-support-v7-appcompat.jar:/Users/keithfawcett/Library/Application Support/Titanium/mobilesdk/osx/5.0.2.GA/android/modules/titanium-locale.jar:/Users/keithfawcett/Library/Application Support/Titanium/mobilesdk/osx/5.0.2.GA/android/modules/titanium-network.jar:/Users/keithfawcett/Library/Application Support/Titanium/mobilesdk/osx/5.0.2.GA/android/modules/titanium-xml.jar:/Users/keithfawcett/Library/Application Support/Titanium/mobilesdk/osx/5.0.2.GA/android/modules/titanium-utils.jar:/Users/keithfawcett/Library/Application Support/Titanium/mobilesdk/osx/5.0.2.GA/android/modules/titanium-geolocation.jar:/Users/keithfawcett/Library/Application Support/Titanium/mobilesdk/osx/5.0.2.GA/android/modules/titanium-accelerometer.jar:/Users/keithfawcett/Library/Application Support/Titanium/mobilesdk/osx/5.0.2.GA/android/modules/titanium-contacts.jar:/Users/keithfawcett/Library/Application Support/Titanium/mobilesdk/osx/5.0.2.GA/android/modules/titanium-map.jar:/Users/keithfawcett/Library/Application Support/Titanium/mobilesdk/osx/5.0.2.GA/android/modules/titanium-gesture.jar:/Users/keithfawcett/Library/Application Support/Titanium/mobilesdk/osx/5.0.2.GA/android/modules/titanium-calendar.jar:/Users/keithfawcett/Library/Application Support/Titanium/mobilesdk/osx/5.0.2.GA/android/modules/titanium-platform.jar:/Users/keithfawcett/Library/Application Support/Titanium/mobilesdk/osx/5.0.2.GA/android/modules/titanium-database.jar:/Users/keithfawcett/Library/Application Support/Titanium/mobilesdk/osx/5.0.2.GA/android/lib/titanium-verify.jar:R.class:AssetCryptImpl.class:Keith_fawcett_wk3_projectActivity.class:Keith_fawcett_wk3_projectAppInfo.class:Keith_fawcett_wk3_projectApplication.class" "-d" "/Users/keithfawcett/Desktop/Classes/AVF/keith_fawcett_WK3_Project/build/android/bin/classes" "-proc:none" "-target" "1.6" "-source" "1.6" "@/Users/keithfawcett/Desktop/Classes/AVF/keith_fawcett_WK3_Project/build/android/java-sources.txt"
[INFO]   Running dexer: /Library/Java/JavaVirtualMachines/jdk1.7.0_80.jdk/Contents/Home/bin/java "-Xmx1024M" "-XX:-UseGCOverheadLimit" "-Djava.ext.dirs=/Users/keithfawcett/Library/android-sdk-macosx/platform-tools" "-jar" "/Users/keithfawcett/Library/android-sdk-macosx/build-tools/20.0.0/lib/dx.jar" "--dex" "--output=/Users/keithfawcett/Desktop/Classes/AVF/keith_fawcett_WK3_Project/build/android/bin/classes.dex" "/Users/keithfawcett/Desktop/Classes/AVF/keith_fawcett_WK3_Project/build/android/bin/classes" "/Users/keithfawcett/Library/Application Support/Titanium/mobilesdk/osx/5.0.2.GA/android/lib/titanium-verify.jar" "/Users/keithfawcett/Library/Application Support/Titanium/mobilesdk/osx/5.0.2.GA/android/kroll-v8.jar" "/Users/keithfawcett/Library/Application Support/Titanium/mobilesdk/osx/5.0.2.GA/android/modules/titanium-analytics.jar" "/Users/keithfawcett/Library/Application Support/Titanium/mobilesdk/osx/5.0.2.GA/android/aps-analytics.jar" "/Users/keithfawcett/Library/Application Support/Titanium/mobilesdk/osx/5.0.2.GA/android/modules/titanium-android.jar" "/Users/keithfawcett/Library/Application Support/Titanium/mobilesdk/osx/5.0.2.GA/android/jaxen-1.1.1.jar" "/Users/keithfawcett/Library/Application Support/Titanium/mobilesdk/osx/5.0.2.GA/android/ti-commons-codec-1.3.jar" "/Users/keithfawcett/Library/Application Support/Titanium/mobilesdk/osx/5.0.2.GA/android/kroll-common.jar" "/Users/keithfawcett/Library/Application Support/Titanium/mobilesdk/osx/5.0.2.GA/android/titanium.jar" "/Users/keithfawcett/Library/Application Support/Titanium/mobilesdk/osx/5.0.2.GA/android/modules/titanium-app.jar" "/Users/keithfawcett/Library/Application Support/Titanium/mobilesdk/osx/5.0.2.GA/android/modules/titanium-ui.jar" "/Users/keithfawcett/Library/Application Support/Titanium/mobilesdk/osx/5.0.2.GA/android/nineoldandroids-appc-2.4.0.jar" "/Users/keithfawcett/Library/Application Support/Titanium/mobilesdk/osx/5.0.2.GA/android/modules/titanium-filesystem.jar" "/Users/keithfawcett/Library/Application Support/Titanium/mobilesdk/osx/5.0.2.GA/android/modules/titanium-media.jar" "/Users/keithfawcett/Library/Application Support/Titanium/mobilesdk/osx/5.0.2.GA/android/modules/titanium-appcompat.jar" "/Users/keithfawcett/Library/Application Support/Titanium/mobilesdk/osx/5.0.2.GA/android/android-support-v4.jar" "/Users/keithfawcett/Library/Application Support/Titanium/mobilesdk/osx/5.0.2.GA/android/android-support-v7-appcompat.jar" "/Users/keithfawcett/Library/Application Support/Titanium/mobilesdk/osx/5.0.2.GA/android/modules/titanium-locale.jar" "/Users/keithfawcett/Library/Application Support/Titanium/mobilesdk/osx/5.0.2.GA/android/modules/titanium-network.jar" "/Users/keithfawcett/Library/Application Support/Titanium/mobilesdk/osx/5.0.2.GA/android/modules/titanium-xml.jar" "/Users/keithfawcett/Library/Application Support/Titanium/mobilesdk/osx/5.0.2.GA/android/modules/titanium-utils.jar" "/Users/keithfawcett/Library/Application Support/Titanium/mobilesdk/osx/5.0.2.GA/android/modules/titanium-geolocation.jar" "/Users/keithfawcett/Library/Application Support/Titanium/mobilesdk/osx/5.0.2.GA/android/modules/titanium-accelerometer.jar" "/Users/keithfawcett/Library/Application Support/Titanium/mobilesdk/osx/5.0.2.GA/android/modules/titanium-contacts.jar" "/Users/keithfawcett/Library/Application Support/Titanium/mobilesdk/osx/5.0.2.GA/android/modules/titanium-map.jar" "/Users/keithfawcett/Library/Application Support/Titanium/mobilesdk/osx/5.0.2.GA/android/modules/titanium-gesture.jar" "/Users/keithfawcett/Library/Application Support/Titanium/mobilesdk/osx/5.0.2.GA/android/modules/titanium-calendar.jar" "/Users/keithfawcett/Library/Application Support/Titanium/mobilesdk/osx/5.0.2.GA/android/modules/titanium-platform.jar" "/Users/keithfawcett/Library/Application Support/Titanium/mobilesdk/osx/5.0.2.GA/android/modules/titanium-database.jar"
[INFO]   Creating unsigned apk
[DEBUG]  Processing /Users/keithfawcett/Desktop/Classes/AVF/keith_fawcett_WK3_Project/build/android/bin/app.ap_
[DEBUG]  Adding assets/Resources/image/back.png
[DEBUG]  Adding assets/Resources/image/next.png
[DEBUG]  Adding assets/Resources/image/pause.png
[DEBUG]  Adding assets/Resources/image/play.png
[DEBUG]  Adding assets/Resources/KS_nav_ui.png
[DEBUG]  Adding assets/Resources/KS_nav_views.png
[DEBUG]  Adding assets/Resources/appicon.png
[DEBUG]  Deflating assets/app.json
[DEBUG]  Deflating assets/index.json
[DEBUG]  Deflating res/anim/abc_fade_in.xml
[DEBUG]  Deflating res/anim/abc_fade_out.xml
[DEBUG]  Deflating res/anim/abc_grow_fade_in_from_bottom.xml
[DEBUG]  Deflating res/anim/abc_popup_enter.xml
[DEBUG]  Deflating res/anim/abc_popup_exit.xml
[DEBUG]  Deflating res/anim/abc_shrink_fade_out_from_bottom.xml
[DEBUG]  Deflating res/anim/abc_slide_in_bottom.xml
[DEBUG]  Deflating res/anim/abc_slide_in_top.xml
[DEBUG]  Deflating res/anim/abc_slide_out_bottom.xml
[DEBUG]  Deflating res/anim/abc_slide_out_top.xml
[DEBUG]  Deflating res/color/abc_background_cache_hint_selector_material_dark.xml
[DEBUG]  Deflating res/color/abc_background_cache_hint_selector_material_light.xml
[DEBUG]  Deflating res/color/abc_primary_text_disable_only_material_dark.xml
[DEBUG]  Deflating res/color/abc_primary_text_disable_only_material_light.xml
[DEBUG]  Deflating res/color/abc_primary_text_material_dark.xml
[DEBUG]  Deflating res/color/abc_primary_text_material_light.xml
[DEBUG]  Deflating res/color/abc_search_url_text.xml
[DEBUG]  Deflating res/color/abc_secondary_text_material_dark.xml
[DEBUG]  Deflating res/color/abc_secondary_text_material_light.xml
[DEBUG]  Deflating res/color/switch_thumb_material_dark.xml
[DEBUG]  Deflating res/color/switch_thumb_material_light.xml
[DEBUG]  Deflating res/drawable/abc_btn_borderless_material.xml
[DEBUG]  Deflating res/drawable/abc_btn_check_material.xml
[DEBUG]  Deflating res/drawable/abc_btn_default_mtrl_shape.xml
[DEBUG]  Deflating res/drawable/abc_btn_radio_material.xml
[DEBUG]  Deflating res/drawable/abc_cab_background_internal_bg.xml
[DEBUG]  Deflating res/drawable/abc_cab_background_top_material.xml
[DEBUG]  Deflating res/drawable/abc_dialog_material_background_dark.xml
[DEBUG]  Deflating res/drawable/abc_dialog_material_background_light.xml
[DEBUG]  Deflating res/drawable/abc_edit_text_material.xml
[DEBUG]  Deflating res/drawable/abc_item_background_holo_dark.xml
[DEBUG]  Deflating res/drawable/abc_item_background_holo_light.xml
[DEBUG]  Deflating res/drawable/abc_list_selector_background_transition_holo_dark.xml
[DEBUG]  Deflating res/drawable/abc_list_selector_background_transition_holo_light.xml
[DEBUG]  Deflating res/drawable/abc_list_selector_holo_dark.xml
[DEBUG]  Deflating res/drawable/abc_list_selector_holo_light.xml
[DEBUG]  Deflating res/drawable/abc_ratingbar_full_material.xml
[DEBUG]  Deflating res/drawable/abc_spinner_textfield_background_material.xml
[DEBUG]  Deflating res/drawable/abc_switch_thumb_material.xml
[DEBUG]  Deflating res/drawable/abc_tab_indicator_material.xml
[DEBUG]  Deflating res/drawable/abc_textfield_search_material.xml
[DEBUG]  Adding res/drawable/appicon.png
[DEBUG]  Adding res/drawable/background.png
[DEBUG]  Adding res/drawable/btn_check_buttonless_on_64.png
[DEBUG]  Adding res/drawable/btn_more_64.png
[DEBUG]  Adding res/drawable/disclosure_64.png
[DEBUG]  Deflating res/layout/abc_action_bar_title_item.xml
[DEBUG]  Deflating res/layout/abc_action_bar_up_container.xml
[DEBUG]  Deflating res/layout/abc_action_bar_view_list_nav_layout.xml
[DEBUG]  Deflating res/layout/abc_action_menu_item_layout.xml
[DEBUG]  Deflating res/layout/abc_action_menu_layout.xml
[DEBUG]  Deflating res/layout/abc_action_mode_bar.xml
[DEBUG]  Deflating res/layout/abc_action_mode_close_item_material.xml
[DEBUG]  Deflating res/layout/abc_activity_chooser_view.xml
[DEBUG]  Deflating res/layout/abc_activity_chooser_view_list_item.xml
[DEBUG]  Deflating res/layout/abc_alert_dialog_material.xml
[DEBUG]  Deflating res/layout/abc_dialog_title_material.xml
[DEBUG]  Deflating res/layout/abc_expanded_menu_layout.xml
[DEBUG]  Deflating res/layout/abc_list_menu_item_checkbox.xml
[DEBUG]  Deflating res/layout/abc_list_menu_item_icon.xml
[DEBUG]  Deflating res/layout/abc_list_menu_item_layout.xml
[DEBUG]  Deflating res/layout/abc_list_menu_item_radio.xml
[DEBUG]  Deflating res/layout/abc_popup_menu_item_layout.xml
[DEBUG]  Deflating res/layout/abc_screen_content_include.xml
[DEBUG]  Deflating res/layout/abc_screen_simple.xml
[DEBUG]  Deflating res/layout/abc_screen_simple_overlay_action_mode.xml
[DEBUG]  Deflating res/layout/abc_screen_toolbar.xml
[DEBUG]  Deflating res/layout/abc_search_dropdown_item_icons_2line.xml
[DEBUG]  Deflating res/layout/abc_search_view.xml
[DEBUG]  Deflating res/layout/abc_select_dialog_material.xml
[DEBUG]  Deflating res/layout/abc_simple_dropdown_hint.xml
[DEBUG]  Deflating res/layout/select_dialog_item_material.xml
[DEBUG]  Deflating res/layout/select_dialog_multichoice_material.xml
[DEBUG]  Deflating res/layout/select_dialog_singlechoice_material.xml
[DEBUG]  Deflating res/layout/support_simple_spinner_dropdown_item.xml
[DEBUG]  Deflating res/layout/titanium_tabgroup.xml
[DEBUG]  Deflating res/layout/titanium_ui_checkbox.xml
[DEBUG]  Deflating res/layout/titanium_ui_date_picker_spinner.xml
[DEBUG]  Deflating res/layout/titanium_ui_edittext.xml
[DEBUG]  Deflating res/layout/titanium_ui_list_header_or_footer.xml
[DEBUG]  Deflating res/layout/titanium_ui_list_item.xml
[DEBUG]  Deflating res/layout/titanium_ui_spinner.xml
[DEBUG]  Deflating res/layout/titanium_ui_switchcompat.xml
[DEBUG]  Deflating res/layout/titanium_ui_time_picker_spinner.xml
[DEBUG]  Deflating AndroidManifest.xml
[DEBUG]  Deflating resources.arsc
[DEBUG]  Deflating res/color-v11/abc_background_cache_hint_selector_material_dark.xml
[DEBUG]  Deflating res/color-v11/abc_background_cache_hint_selector_material_light.xml
[DEBUG]  Deflating res/layout-v11/abc_screen_content_include.xml
[DEBUG]  Adding res/drawable-hdpi/abc_ab_share_pack_mtrl_alpha.9.png
[DEBUG]  Adding res/drawable-hdpi/abc_btn_check_to_on_mtrl_000.png
[DEBUG]  Adding res/drawable-hdpi/abc_btn_check_to_on_mtrl_015.png
[DEBUG]  Adding res/drawable-hdpi/abc_btn_radio_to_on_mtrl_000.png
[DEBUG]  Adding res/drawable-hdpi/abc_btn_radio_to_on_mtrl_015.png
[DEBUG]  Adding res/drawable-hdpi/abc_btn_rating_star_off_mtrl_alpha.png
[DEBUG]  Adding res/drawable-hdpi/abc_btn_rating_star_on_mtrl_alpha.png
[DEBUG]  Adding res/drawable-hdpi/abc_btn_switch_to_on_mtrl_00001.9.png
[DEBUG]  Adding res/drawable-hdpi/abc_btn_switch_to_on_mtrl_00012.9.png
[DEBUG]  Adding res/drawable-hdpi/abc_cab_background_top_mtrl_alpha.9.png
[DEBUG]  Adding res/drawable-hdpi/abc_ic_ab_back_mtrl_am_alpha.png
[DEBUG]  Adding res/drawable-hdpi/abc_ic_clear_mtrl_alpha.png
[DEBUG]  Adding res/drawable-hdpi/abc_ic_commit_search_api_mtrl_alpha.png
[DEBUG]  Adding res/drawable-hdpi/abc_ic_go_search_api_mtrl_alpha.png
[DEBUG]  Adding res/drawable-hdpi/abc_ic_menu_copy_mtrl_am_alpha.png
[DEBUG]  Adding res/drawable-hdpi/abc_ic_menu_cut_mtrl_alpha.png
[DEBUG]  Adding res/drawable-hdpi/abc_ic_menu_moreoverflow_mtrl_alpha.png
[DEBUG]  Adding res/drawable-hdpi/abc_ic_menu_paste_mtrl_am_alpha.png
[DEBUG]  Adding res/drawable-hdpi/abc_ic_menu_selectall_mtrl_alpha.png
[DEBUG]  Adding res/drawable-hdpi/abc_ic_menu_share_mtrl_alpha.png
[DEBUG]  Adding res/drawable-hdpi/abc_ic_search_api_mtrl_alpha.png
[DEBUG]  Adding res/drawable-hdpi/abc_ic_voice_search_api_mtrl_alpha.png
[DEBUG]  Adding res/drawable-hdpi/abc_list_divider_mtrl_alpha.9.png
[DEBUG]  Adding res/drawable-hdpi/abc_list_focused_holo.9.png
[DEBUG]  Adding res/drawable-hdpi/abc_list_longpressed_holo.9.png
[DEBUG]  Adding res/drawable-hdpi/abc_list_pressed_holo_dark.9.png
[DEBUG]  Adding res/drawable-hdpi/abc_list_pressed_holo_light.9.png
[DEBUG]  Adding res/drawable-hdpi/abc_list_selector_disabled_holo_dark.9.png
[DEBUG]  Adding res/drawable-hdpi/abc_list_selector_disabled_holo_light.9.png
[DEBUG]  Adding res/drawable-hdpi/abc_menu_hardkey_panel_mtrl_mult.9.png
[DEBUG]  Adding res/drawable-hdpi/abc_popup_background_mtrl_mult.9.png
[DEBUG]  Adding res/drawable-hdpi/abc_spinner_mtrl_am_alpha.9.png
[DEBUG]  Adding res/drawable-hdpi/abc_switch_track_mtrl_alpha.9.png
[DEBUG]  Adding res/drawable-hdpi/abc_tab_indicator_mtrl_alpha.9.png
[DEBUG]  Adding res/drawable-hdpi/abc_text_cursor_mtrl_alpha.9.png
[DEBUG]  Adding res/drawable-hdpi/abc_textfield_activated_mtrl_alpha.9.png
[DEBUG]  Adding res/drawable-hdpi/abc_textfield_default_mtrl_alpha.9.png
[DEBUG]  Adding res/drawable-hdpi/abc_textfield_search_activated_mtrl_alpha.9.png
[DEBUG]  Adding res/drawable-hdpi/abc_textfield_search_default_mtrl_alpha.9.png
[DEBUG]  Adding res/drawable-mdpi/abc_ab_share_pack_mtrl_alpha.9.png
[DEBUG]  Adding res/drawable-mdpi/abc_btn_check_to_on_mtrl_000.png
[DEBUG]  Adding res/drawable-mdpi/abc_btn_check_to_on_mtrl_015.png
[DEBUG]  Adding res/drawable-mdpi/abc_btn_radio_to_on_mtrl_000.png
[DEBUG]  Adding res/drawable-mdpi/abc_btn_radio_to_on_mtrl_015.png
[DEBUG]  Adding res/drawable-mdpi/abc_btn_rating_star_off_mtrl_alpha.png
[DEBUG]  Adding res/drawable-mdpi/abc_btn_rating_star_on_mtrl_alpha.png
[DEBUG]  Adding res/drawable-mdpi/abc_btn_switch_to_on_mtrl_00001.9.png
[DEBUG]  Adding res/drawable-mdpi/abc_btn_switch_to_on_mtrl_00012.9.png
[DEBUG]  Adding res/drawable-mdpi/abc_cab_background_top_mtrl_alpha.9.png
[DEBUG]  Adding res/drawable-mdpi/abc_ic_ab_back_mtrl_am_alpha.png
[DEBUG]  Adding res/drawable-mdpi/abc_ic_clear_mtrl_alpha.png
[DEBUG]  Adding res/drawable-mdpi/abc_ic_commit_search_api_mtrl_alpha.png
[DEBUG]  Adding res/drawable-mdpi/abc_ic_go_search_api_mtrl_alpha.png
[DEBUG]  Adding res/drawable-mdpi/abc_ic_menu_copy_mtrl_am_alpha.png
[DEBUG]  Adding res/drawable-mdpi/abc_ic_menu_cut_mtrl_alpha.png
[DEBUG]  Adding res/drawable-mdpi/abc_ic_menu_moreoverflow_mtrl_alpha.png
[DEBUG]  Adding res/drawable-mdpi/abc_ic_menu_paste_mtrl_am_alpha.png
[DEBUG]  Adding res/drawable-mdpi/abc_ic_menu_selectall_mtrl_alpha.png
[DEBUG]  Adding res/drawable-mdpi/abc_ic_menu_share_mtrl_alpha.png
[DEBUG]  Adding res/drawable-mdpi/abc_ic_search_api_mtrl_alpha.png
[DEBUG]  Adding res/drawable-mdpi/abc_ic_voice_search_api_mtrl_alpha.png
[DEBUG]  Adding res/drawable-mdpi/abc_list_divider_mtrl_alpha.9.png
[DEBUG]  Adding res/drawable-mdpi/abc_list_focused_holo.9.png
[DEBUG]  Adding res/drawable-mdpi/abc_list_longpressed_holo.9.png
[DEBUG]  Adding res/drawable-mdpi/abc_list_pressed_holo_dark.9.png
[DEBUG]  Adding res/drawable-mdpi/abc_list_pressed_holo_light.9.png
[DEBUG]  Adding res/drawable-mdpi/abc_list_selector_disabled_holo_dark.9.png
[DEBUG]  Adding res/drawable-mdpi/abc_list_selector_disabled_holo_light.9.png
[DEBUG]  Adding res/drawable-mdpi/abc_menu_hardkey_panel_mtrl_mult.9.png
[DEBUG]  Adding res/drawable-mdpi/abc_popup_background_mtrl_mult.9.png
[DEBUG]  Adding res/drawable-mdpi/abc_spinner_mtrl_am_alpha.9.png
[DEBUG]  Adding res/drawable-mdpi/abc_switch_track_mtrl_alpha.9.png
[DEBUG]  Adding res/drawable-mdpi/abc_tab_indicator_mtrl_alpha.9.png
[DEBUG]  Adding res/drawable-mdpi/abc_text_cursor_mtrl_alpha.9.png
[DEBUG]  Adding res/drawable-mdpi/abc_textfield_activated_mtrl_alpha.9.png
[DEBUG]  Adding res/drawable-mdpi/abc_textfield_default_mtrl_alpha.9.png
[DEBUG]  Adding res/drawable-mdpi/abc_textfield_search_activated_mtrl_alpha.9.png
[DEBUG]  Adding res/drawable-mdpi/abc_textfield_search_default_mtrl_alpha.9.png
[DEBUG]  Adding res/drawable-tvdpi/abc_btn_switch_to_on_mtrl_00001.9.png
[DEBUG]  Adding res/drawable-tvdpi/abc_btn_switch_to_on_mtrl_00012.9.png
[DEBUG]  Adding res/drawable-xhdpi/abc_ab_share_pack_mtrl_alpha.9.png
[DEBUG]  Adding res/drawable-xhdpi/abc_btn_check_to_on_mtrl_000.png
[DEBUG]  Adding res/drawable-xhdpi/abc_btn_check_to_on_mtrl_015.png
[DEBUG]  Adding res/drawable-xhdpi/abc_btn_radio_to_on_mtrl_000.png
[DEBUG]  Adding res/drawable-xhdpi/abc_btn_radio_to_on_mtrl_015.png
[DEBUG]  Adding res/drawable-xhdpi/abc_btn_rating_star_off_mtrl_alpha.png
[DEBUG]  Adding res/drawable-xhdpi/abc_btn_rating_star_on_mtrl_alpha.png
[DEBUG]  Adding res/drawable-xhdpi/abc_btn_switch_to_on_mtrl_00001.9.png
[DEBUG]  Adding res/drawable-xhdpi/abc_btn_switch_to_on_mtrl_00012.9.png
[DEBUG]  Adding res/drawable-xhdpi/abc_cab_background_top_mtrl_alpha.9.png
[DEBUG]  Adding res/drawable-xhdpi/abc_ic_ab_back_mtrl_am_alpha.png
[DEBUG]  Adding res/drawable-xhdpi/abc_ic_clear_mtrl_alpha.png
[DEBUG]  Adding res/drawable-xhdpi/abc_ic_commit_search_api_mtrl_alpha.png
[DEBUG]  Adding res/drawable-xhdpi/abc_ic_go_search_api_mtrl_alpha.png
[DEBUG]  Adding res/drawable-xhdpi/abc_ic_menu_copy_mtrl_am_alpha.png
[DEBUG]  Adding res/drawable-xhdpi/abc_ic_menu_cut_mtrl_alpha.png
[DEBUG]  Adding res/drawable-xhdpi/abc_ic_menu_moreoverflow_mtrl_alpha.png
[DEBUG]  Adding res/drawable-xhdpi/abc_ic_menu_paste_mtrl_am_alpha.png
[DEBUG]  Adding res/drawable-xhdpi/abc_ic_menu_selectall_mtrl_alpha.png
[DEBUG]  Adding res/drawable-xhdpi/abc_ic_menu_share_mtrl_alpha.png
[DEBUG]  Adding res/drawable-xhdpi/abc_ic_search_api_mtrl_alpha.png
[DEBUG]  Adding res/drawable-xhdpi/abc_ic_voice_search_api_mtrl_alpha.png
[DEBUG]  Adding res/drawable-xhdpi/abc_list_divider_mtrl_alpha.9.png
[DEBUG]  Adding res/drawable-xhdpi/abc_list_focused_holo.9.png
[DEBUG]  Adding res/drawable-xhdpi/abc_list_longpressed_holo.9.png
[DEBUG]  Adding res/drawable-xhdpi/abc_list_pressed_holo_dark.9.png
[DEBUG]  Adding res/drawable-xhdpi/abc_list_pressed_holo_light.9.png
[DEBUG]  Adding res/drawable-xhdpi/abc_list_selector_disabled_holo_dark.9.png
[DEBUG]  Adding res/drawable-xhdpi/abc_list_selector_disabled_holo_light.9.png
[DEBUG]  Adding res/drawable-xhdpi/abc_menu_hardkey_panel_mtrl_mult.9.png
[DEBUG]  Adding res/drawable-xhdpi/abc_popup_background_mtrl_mult.9.png
[DEBUG]  Adding res/drawable-xhdpi/abc_spinner_mtrl_am_alpha.9.png
[DEBUG]  Adding res/drawable-xhdpi/abc_switch_track_mtrl_alpha.9.png
[DEBUG]  Adding res/drawable-xhdpi/abc_tab_indicator_mtrl_alpha.9.png
[DEBUG]  Adding res/drawable-xhdpi/abc_text_cursor_mtrl_alpha.9.png
[DEBUG]  Adding res/drawable-xhdpi/abc_textfield_activated_mtrl_alpha.9.png
[DEBUG]  Adding res/drawable-xhdpi/abc_textfield_default_mtrl_alpha.9.png
[DEBUG]  Adding res/drawable-xhdpi/abc_textfield_search_activated_mtrl_alpha.9.png
[DEBUG]  Adding res/drawable-xhdpi/abc_textfield_search_default_mtrl_alpha.9.png
[DEBUG]  Adding res/drawable-xxhdpi/abc_ab_share_pack_mtrl_alpha.9.png
[DEBUG]  Adding res/drawable-xxhdpi/abc_btn_check_to_on_mtrl_000.png
[DEBUG]  Adding res/drawable-xxhdpi/abc_btn_check_to_on_mtrl_015.png
[DEBUG]  Adding res/drawable-xxhdpi/abc_btn_radio_to_on_mtrl_000.png
[DEBUG]  Adding res/drawable-xxhdpi/abc_btn_radio_to_on_mtrl_015.png
[DEBUG]  Adding res/drawable-xxhdpi/abc_btn_rating_star_off_mtrl_alpha.png
[DEBUG]  Adding res/drawable-xxhdpi/abc_btn_rating_star_on_mtrl_alpha.png
[DEBUG]  Adding res/drawable-xxhdpi/abc_btn_switch_to_on_mtrl_00001.9.png
[DEBUG]  Adding res/drawable-xxhdpi/abc_btn_switch_to_on_mtrl_00012.9.png
[DEBUG]  Adding res/drawable-xxhdpi/abc_cab_background_top_mtrl_alpha.9.png
[DEBUG]  Adding res/drawable-xxhdpi/abc_ic_ab_back_mtrl_am_alpha.png
[DEBUG]  Adding res/drawable-xxhdpi/abc_ic_clear_mtrl_alpha.png
[DEBUG]  Adding res/drawable-xxhdpi/abc_ic_commit_search_api_mtrl_alpha.png
[DEBUG]  Adding res/drawable-xxhdpi/abc_ic_go_search_api_mtrl_alpha.png
[DEBUG]  Adding res/drawable-xxhdpi/abc_ic_menu_copy_mtrl_am_alpha.png
[DEBUG]  Adding res/drawable-xxhdpi/abc_ic_menu_cut_mtrl_alpha.png
[DEBUG]  Adding res/drawable-xxhdpi/abc_ic_menu_moreoverflow_mtrl_alpha.png
[DEBUG]  Adding res/drawable-xxhdpi/abc_ic_menu_paste_mtrl_am_alpha.png
[DEBUG]  Adding res/drawable-xxhdpi/abc_ic_menu_selectall_mtrl_alpha.png
[DEBUG]  Adding res/drawable-xxhdpi/abc_ic_menu_share_mtrl_alpha.png
[DEBUG]  Adding res/drawable-xxhdpi/abc_ic_search_api_mtrl_alpha.png
[DEBUG]  Adding res/drawable-xxhdpi/abc_ic_voice_search_api_mtrl_alpha.png
[DEBUG]  Adding res/drawable-xxhdpi/abc_list_divider_mtrl_alpha.9.png
[DEBUG]  Adding res/drawable-xxhdpi/abc_list_focused_holo.9.png
[DEBUG]  Adding res/drawable-xxhdpi/abc_list_longpressed_holo.9.png
[DEBUG]  Adding res/drawable-xxhdpi/abc_list_pressed_holo_dark.9.png
[DEBUG]  Adding res/drawable-xxhdpi/abc_list_pressed_holo_light.9.png
[DEBUG]  Adding res/drawable-xxhdpi/abc_list_selector_disabled_holo_dark.9.png
[DEBUG]  Adding res/drawable-xxhdpi/abc_list_selector_disabled_holo_light.9.png
[DEBUG]  Adding res/drawable-xxhdpi/abc_menu_hardkey_panel_mtrl_mult.9.png
[DEBUG]  Adding res/drawable-xxhdpi/abc_popup_background_mtrl_mult.9.png
[DEBUG]  Adding res/drawable-xxhdpi/abc_spinner_mtrl_am_alpha.9.png
[DEBUG]  Adding res/drawable-xxhdpi/abc_switch_track_mtrl_alpha.9.png
[DEBUG]  Adding res/drawable-xxhdpi/abc_tab_indicator_mtrl_alpha.9.png
[DEBUG]  Adding res/drawable-xxhdpi/abc_text_cursor_mtrl_alpha.9.png
[DEBUG]  Adding res/drawable-xxhdpi/abc_textfield_activated_mtrl_alpha.9.png
[DEBUG]  Adding res/drawable-xxhdpi/abc_textfield_default_mtrl_alpha.9.png
[DEBUG]  Adding res/drawable-xxhdpi/abc_textfield_search_activated_mtrl_alpha.9.png
[DEBUG]  Adding res/drawable-xxhdpi/abc_textfield_search_default_mtrl_alpha.9.png
[DEBUG]  Adding res/drawable-xxxhdpi/abc_btn_check_to_on_mtrl_000.png
[DEBUG]  Adding res/drawable-xxxhdpi/abc_btn_check_to_on_mtrl_015.png
[DEBUG]  Adding res/drawable-xxxhdpi/abc_btn_radio_to_on_mtrl_000.png
[DEBUG]  Adding res/drawable-xxxhdpi/abc_btn_radio_to_on_mtrl_015.png
[DEBUG]  Adding res/drawable-xxxhdpi/abc_btn_switch_to_on_mtrl_00001.9.png
[DEBUG]  Adding res/drawable-xxxhdpi/abc_btn_switch_to_on_mtrl_00012.9.png
[DEBUG]  Adding res/drawable-xxxhdpi/abc_ic_ab_back_mtrl_am_alpha.png
[DEBUG]  Adding res/drawable-xxxhdpi/abc_ic_clear_mtrl_alpha.png
[DEBUG]  Adding res/drawable-xxxhdpi/abc_ic_menu_copy_mtrl_am_alpha.png
[DEBUG]  Adding res/drawable-xxxhdpi/abc_ic_menu_cut_mtrl_alpha.png
[DEBUG]  Adding res/drawable-xxxhdpi/abc_ic_menu_moreoverflow_mtrl_alpha.png
[DEBUG]  Adding res/drawable-xxxhdpi/abc_ic_menu_paste_mtrl_am_alpha.png
[DEBUG]  Adding res/drawable-xxxhdpi/abc_ic_menu_selectall_mtrl_alpha.png
[DEBUG]  Adding res/drawable-xxxhdpi/abc_ic_menu_share_mtrl_alpha.png
[DEBUG]  Adding res/drawable-xxxhdpi/abc_ic_search_api_mtrl_alpha.png
[DEBUG]  Adding res/drawable-xxxhdpi/abc_ic_voice_search_api_mtrl_alpha.png
[DEBUG]  Adding res/drawable-xxxhdpi/abc_spinner_mtrl_am_alpha.9.png
[DEBUG]  Adding res/drawable-xxxhdpi/abc_switch_track_mtrl_alpha.9.png
[DEBUG]  Adding res/drawable-xxxhdpi/abc_tab_indicator_mtrl_alpha.9.png
[DEBUG]  Adding res/drawable-long-land-hdpi/background.png
[DEBUG]  Adding res/drawable-long-land-ldpi/background.png
[DEBUG]  Adding res/drawable-long-port-hdpi/background.png
[DEBUG]  Adding res/drawable-long-port-ldpi/background.png
[DEBUG]  Adding res/drawable-notlong-land-hdpi/background.png
[DEBUG]  Adding res/drawable-notlong-land-ldpi/background.png
[DEBUG]  Adding res/drawable-notlong-land-mdpi/background.png
[DEBUG]  Adding res/drawable-notlong-port-hdpi/background.png
[DEBUG]  Adding res/drawable-notlong-port-ldpi/background.png
[DEBUG]  Adding res/drawable-notlong-port-mdpi/background.png
[DEBUG]  Adding res/drawable-ldrtl-hdpi/abc_ic_ab_back_mtrl_am_alpha.png
[DEBUG]  Adding res/drawable-ldrtl-hdpi/abc_ic_menu_copy_mtrl_am_alpha.png
[DEBUG]  Adding res/drawable-ldrtl-hdpi/abc_ic_menu_cut_mtrl_alpha.png
[DEBUG]  Adding res/drawable-ldrtl-hdpi/abc_spinner_mtrl_am_alpha.9.png
[DEBUG]  Adding res/drawable-ldrtl-mdpi/abc_ic_ab_back_mtrl_am_alpha.png
[DEBUG]  Adding res/drawable-ldrtl-mdpi/abc_ic_menu_copy_mtrl_am_alpha.png
[DEBUG]  Adding res/drawable-ldrtl-mdpi/abc_ic_menu_cut_mtrl_alpha.png
[DEBUG]  Adding res/drawable-ldrtl-mdpi/abc_spinner_mtrl_am_alpha.9.png
[DEBUG]  Adding res/drawable-ldrtl-xhdpi/abc_ic_ab_back_mtrl_am_alpha.png
[DEBUG]  Adding res/drawable-ldrtl-xhdpi/abc_ic_menu_copy_mtrl_am_alpha.png
[DEBUG]  Adding res/drawable-ldrtl-xhdpi/abc_ic_menu_cut_mtrl_alpha.png
[DEBUG]  Adding res/drawable-ldrtl-xhdpi/abc_spinner_mtrl_am_alpha.9.png
[DEBUG]  Adding res/drawable-ldrtl-xxhdpi/abc_ic_ab_back_mtrl_am_alpha.png
[DEBUG]  Adding res/drawable-ldrtl-xxhdpi/abc_ic_menu_copy_mtrl_am_alpha.png
[DEBUG]  Adding res/drawable-ldrtl-xxhdpi/abc_ic_menu_cut_mtrl_alpha.png
[DEBUG]  Adding res/drawable-ldrtl-xxhdpi/abc_spinner_mtrl_am_alpha.9.png
[DEBUG]  Adding res/drawable-ldrtl-xxxhdpi/abc_ic_ab_back_mtrl_am_alpha.png
[DEBUG]  Adding res/drawable-ldrtl-xxxhdpi/abc_ic_menu_copy_mtrl_am_alpha.png
[DEBUG]  Adding res/drawable-ldrtl-xxxhdpi/abc_ic_menu_cut_mtrl_alpha.png
[DEBUG]  Adding res/drawable-ldrtl-xxxhdpi/abc_spinner_mtrl_am_alpha.9.png
[DEBUG]  Processing /Users/keithfawcett/Library/Application Support/Titanium/mobilesdk/osx/5.0.2.GA/android/kroll-v8.jar
[DEBUG]  Processing /Users/keithfawcett/Library/Application Support/Titanium/mobilesdk/osx/5.0.2.GA/android/modules/titanium-analytics.jar
[DEBUG]  Processing /Users/keithfawcett/Library/Application Support/Titanium/mobilesdk/osx/5.0.2.GA/android/aps-analytics.jar
[DEBUG]  Processing /Users/keithfawcett/Library/Application Support/Titanium/mobilesdk/osx/5.0.2.GA/android/modules/titanium-android.jar
[DEBUG]  Processing /Users/keithfawcett/Library/Application Support/Titanium/mobilesdk/osx/5.0.2.GA/android/jaxen-1.1.1.jar
[DEBUG]  Processing /Users/keithfawcett/Library/Application Support/Titanium/mobilesdk/osx/5.0.2.GA/android/ti-commons-codec-1.3.jar
[DEBUG]  Processing /Users/keithfawcett/Library/Application Support/Titanium/mobilesdk/osx/5.0.2.GA/android/kroll-common.jar
[DEBUG]  Processing /Users/keithfawcett/Library/Application Support/Titanium/mobilesdk/osx/5.0.2.GA/android/titanium.jar
[DEBUG]  Deflating org/appcelerator/titanium/build.properties
[DEBUG]  Adding org/appcelerator/titanium/res/drawable/background.png
[DEBUG]  Adding org/appcelerator/titanium/res/drawable/btn_check_buttonless_on.png
[DEBUG]  Adding org/appcelerator/titanium/res/drawable/btn_check_buttonless_on_100.png
[DEBUG]  Adding org/appcelerator/titanium/res/drawable/btn_check_buttonless_on_18.png
[DEBUG]  Adding org/appcelerator/titanium/res/drawable/btn_check_buttonless_on_48.png
[DEBUG]  Adding org/appcelerator/titanium/res/drawable/btn_check_buttonless_on_64.png
[DEBUG]  Adding org/appcelerator/titanium/res/drawable/btn_more.png
[DEBUG]  Adding org/appcelerator/titanium/res/drawable/btn_more_100.png
[DEBUG]  Adding org/appcelerator/titanium/res/drawable/btn_more_18.png
[DEBUG]  Adding org/appcelerator/titanium/res/drawable/btn_more_48.png
[DEBUG]  Adding org/appcelerator/titanium/res/drawable/btn_more_64.png
[DEBUG]  Adding org/appcelerator/titanium/res/drawable/btn_picker_normal.9.png
[DEBUG]  Adding org/appcelerator/titanium/res/drawable/btn_picker_pressed.9.png
[DEBUG]  Adding org/appcelerator/titanium/res/drawable/btn_picker_selected.9.png
[DEBUG]  Adding org/appcelerator/titanium/res/drawable/default_icon.png
[DEBUG]  Adding org/appcelerator/titanium/res/drawable/photoDefault.png
[DEBUG]  Processing /Users/keithfawcett/Library/Application Support/Titanium/mobilesdk/osx/5.0.2.GA/android/modules/titanium-app.jar
[DEBUG]  Processing /Users/keithfawcett/Library/Application Support/Titanium/mobilesdk/osx/5.0.2.GA/android/modules/titanium-ui.jar
[DEBUG]  Deflating ti/modules/titanium/ui/widget/webview/binding.js
[DEBUG]  Deflating ti/modules/titanium/ui/widget/webview/binding.min.js
[DEBUG]  Deflating ti/modules/titanium/ui/widget/webview/json2.js
[DEBUG]  Deflating ti/modules/titanium/ui/widget/webview/polling.js
[DEBUG]  Deflating ti/modules/titanium/ui/widget/webview/polling.min.js
[DEBUG]  Processing /Users/keithfawcett/Library/Application Support/Titanium/mobilesdk/osx/5.0.2.GA/android/nineoldandroids-appc-2.4.0.jar
[DEBUG]  Processing /Users/keithfawcett/Library/Application Support/Titanium/mobilesdk/osx/5.0.2.GA/android/modules/titanium-filesystem.jar
[DEBUG]  Processing /Users/keithfawcett/Library/Application Support/Titanium/mobilesdk/osx/5.0.2.GA/android/modules/titanium-media.jar
[DEBUG]  Processing /Users/keithfawcett/Library/Application Support/Titanium/mobilesdk/osx/5.0.2.GA/android/modules/titanium-appcompat.jar
[DEBUG]  Processing /Users/keithfawcett/Library/Application Support/Titanium/mobilesdk/osx/5.0.2.GA/android/android-support-v4.jar
[DEBUG]  Processing /Users/keithfawcett/Library/Application Support/Titanium/mobilesdk/osx/5.0.2.GA/android/android-support-v7-appcompat.jar
[DEBUG]  Processing /Users/keithfawcett/Library/Application Support/Titanium/mobilesdk/osx/5.0.2.GA/android/modules/titanium-locale.jar
[DEBUG]  Processing /Users/keithfawcett/Library/Application Support/Titanium/mobilesdk/osx/5.0.2.GA/android/modules/titanium-network.jar
[DEBUG]  Processing /Users/keithfawcett/Library/Application Support/Titanium/mobilesdk/osx/5.0.2.GA/android/modules/titanium-xml.jar
[DEBUG]  Processing /Users/keithfawcett/Library/Application Support/Titanium/mobilesdk/osx/5.0.2.GA/android/modules/titanium-utils.jar
[DEBUG]  Processing /Users/keithfawcett/Library/Application Support/Titanium/mobilesdk/osx/5.0.2.GA/android/modules/titanium-geolocation.jar
[DEBUG]  Processing /Users/keithfawcett/Library/Application Support/Titanium/mobilesdk/osx/5.0.2.GA/android/modules/titanium-accelerometer.jar
[DEBUG]  Processing /Users/keithfawcett/Library/Application Support/Titanium/mobilesdk/osx/5.0.2.GA/android/modules/titanium-contacts.jar
[DEBUG]  Processing /Users/keithfawcett/Library/Application Support/Titanium/mobilesdk/osx/5.0.2.GA/android/modules/titanium-map.jar
[DEBUG]  Processing /Users/keithfawcett/Library/Application Support/Titanium/mobilesdk/osx/5.0.2.GA/android/modules/titanium-gesture.jar
[DEBUG]  Processing /Users/keithfawcett/Library/Application Support/Titanium/mobilesdk/osx/5.0.2.GA/android/modules/titanium-calendar.jar
[DEBUG]  Processing /Users/keithfawcett/Library/Application Support/Titanium/mobilesdk/osx/5.0.2.GA/android/modules/titanium-platform.jar
[DEBUG]  Processing /Users/keithfawcett/Library/Application Support/Titanium/mobilesdk/osx/5.0.2.GA/android/modules/titanium-database.jar
[DEBUG]  Adding classes.dex
[INFO]   Processing /Users/keithfawcett/Desktop/Classes/AVF/keith_fawcett_WK3_Project/build/android/src
[DEBUG]  Adding lib/armeabi/libkroll-v8.so
[DEBUG]  Adding lib/armeabi/libstlport_shared.so
[DEBUG]  Adding lib/armeabi/libtiverify.so
[DEBUG]  Adding lib/armeabi-v7a/libkroll-v8.so
[DEBUG]  Adding lib/armeabi-v7a/libstlport_shared.so
[DEBUG]  Adding lib/armeabi-v7a/libtiverify.so
[DEBUG]  Adding lib/x86/libkroll-v8.so
[DEBUG]  Adding lib/x86/libstlport_shared.so
[DEBUG]  Adding lib/x86/libtiverify.so
[INFO]   Writing unsigned apk: /Users/keithfawcett/Desktop/Classes/AVF/keith_fawcett_WK3_Project/build/android/bin/app-unsigned.apk
[INFO]   Using MD5withRSA signature algorithm
[INFO]   Signing apk: /Library/Java/JavaVirtualMachines/jdk1.7.0_80.jdk/Contents/Home/bin/jarsigner "-sigalg" "MD5withRSA" "-digestalg" "SHA1" "-keystore" "/Users/keithfawcett/Library/Application Support/Titanium/mobilesdk/osx/5.0.2.GA/android/dev_keystore" "-storepass" "*******" "-signedjar" "/Users/keithfawcett/Desktop/Classes/AVF/keith_fawcett_WK3_Project/build/android/bin/keith_fawcett_WK3_Project.apk" "/Users/keithfawcett/Desktop/Classes/AVF/keith_fawcett_WK3_Project/build/android/bin/app-unsigned.apk" "tidev"
[INFO]   Aligning zip file: /Users/keithfawcett/Library/android-sdk-macosx/build-tools/20.0.0/zipalign "-v" "4" "/Users/keithfawcett/Desktop/Classes/AVF/keith_fawcett_WK3_Project/build/android/bin/keith_fawcett_WK3_Project.apk" "/Users/keithfawcett/Desktop/Classes/AVF/keith_fawcett_WK3_Project/build/android/bin/keith_fawcett_WK3_Project.apkz"
[INFO]   Writing build manifest: /Users/keithfawcett/Desktop/Classes/AVF/keith_fawcett_WK3_Project/build/android/build-manifest.json
[INFO]   Making sure the adb server is running
[INFO]   Installing apk: /Users/keithfawcett/Desktop/Classes/AVF/keith_fawcett_WK3_Project/build/android/bin/keith_fawcett_WK3_Project.apk
[TRACE]  Checking if package manager service is started
[TRACE]  Package manager has started
[TRACE]  Executing: /Users/keithfawcett/Library/android-sdk-macosx/platform-tools/adb -s 192.168.56.101:5555 install -r /Users/keithfawcett/Desktop/Classes/AVF/keith_fawcett_WK3_Project/build/android/bin/keith_fawcett_WK3_Project.apk
[INFO]   App successfully installed
[INFO]   Starting app: com.fullsail.WK3/.Keith_fawcett_wk3_projectActivity
[DEBUG]  Trying to start the app...
[INFO]   Application pid: 2454
[INFO]   Project built successfully in 25s 274ms
